c:\users\junior\desktop\holding\gameengine\bin\release\intermidiates\vc142.pdb
c:\users\junior\desktop\holding\gameengine\bin\release\intermidiates\ftstroke.obj
c:\users\junior\desktop\holding\gameengine\bin\release\intermidiates\ftpfr.obj
c:\users\junior\desktop\holding\gameengine\bin\release\intermidiates\ftpatent.obj
c:\users\junior\desktop\holding\gameengine\bin\release\intermidiates\ftotval.obj
c:\users\junior\desktop\holding\gameengine\bin\release\intermidiates\ftmm.obj
c:\users\junior\desktop\holding\gameengine\bin\release\intermidiates\ftlcdfil.obj
c:\users\junior\desktop\holding\gameengine\bin\release\intermidiates\ftinit.obj
c:\users\junior\desktop\holding\gameengine\bin\release\intermidiates\ftgxval.obj
c:\users\junior\desktop\holding\gameengine\bin\release\intermidiates\ftglyph.obj
c:\users\junior\desktop\holding\gameengine\bin\release\intermidiates\ftgasp.obj
c:\users\junior\desktop\holding\gameengine\bin\release\intermidiates\ftfstype.obj
c:\users\junior\desktop\holding\gameengine\bin\release\intermidiates\ftdebug.obj
c:\users\junior\desktop\holding\gameengine\bin\release\intermidiates\ftbitmap.obj
c:\users\junior\desktop\holding\gameengine\bin\release\intermidiates\ftbbox.obj
c:\users\junior\desktop\holding\gameengine\bin\release\intermidiates\ftbase.obj
c:\users\junior\desktop\holding\gameengine\bin\release\intermidiates\autofit.obj
c:\users\junior\desktop\holding\gameengine\bin\release\intermidiates\vector.obj
c:\users\junior\desktop\holding\gameengine\bin\release\intermidiates\texture-font.obj
c:\users\junior\desktop\holding\gameengine\bin\release\intermidiates\texture-atlas.obj
c:\users\junior\desktop\holding\gameengine\bin\release\intermidiates\platform.obj
c:\users\junior\desktop\holding\gameengine\bin\release\intermidiates\truetype.obj
c:\users\junior\desktop\holding\gameengine\bin\release\intermidiates\smooth.obj
c:\users\junior\desktop\holding\gameengine\bin\release\intermidiates\sfnt.obj
c:\users\junior\desktop\holding\gameengine\bin\release\intermidiates\raster.obj
c:\users\junior\desktop\holding\gameengine\bin\release\intermidiates\psmodule.obj
c:\users\junior\desktop\holding\gameengine\bin\release\intermidiates\pshinter.obj
c:\users\junior\desktop\holding\gameengine\bin\release\intermidiates\psaux.obj
c:\users\junior\desktop\holding\gameengine\bin\release\intermidiates\pfr.obj
c:\users\junior\desktop\holding\gameengine\bin\release\intermidiates\pcf.obj
c:\users\junior\desktop\holding\gameengine\bin\release\intermidiates\ftlzw.obj
c:\users\junior\desktop\holding\gameengine\bin\release\intermidiates\ftgzip.obj
c:\users\junior\desktop\holding\gameengine\bin\release\intermidiates\type1cid.obj
c:\users\junior\desktop\holding\gameengine\bin\release\intermidiates\cff.obj
c:\users\junior\desktop\holding\gameengine\bin\release\intermidiates\ftcache.obj
c:\users\junior\desktop\holding\gameengine\bin\release\intermidiates\bdf.obj
c:\users\junior\desktop\holding\gameengine\bin\release\intermidiates\ftxf86.obj
c:\users\junior\desktop\holding\gameengine\bin\release\intermidiates\ftwinfnt.obj
c:\users\junior\desktop\holding\gameengine\bin\release\intermidiates\fttype1.obj
c:\users\junior\desktop\holding\gameengine\bin\release\intermidiates\ftsystem.obj
c:\users\junior\desktop\holding\gameengine\bin\release\intermidiates\ftsynth.obj
c:\users\junior\desktop\holding\gameengine\bin\release\intermidiates\winfnt.obj
c:\users\junior\desktop\holding\gameengine\bin\release\intermidiates\type42.obj
c:\users\junior\desktop\holding\gameengine\bin\release\intermidiates\type1.obj
c:\users\junior\desktop\holding\gameengine\bin\release\intermidiates\vec3.obj
c:\users\junior\desktop\holding\gameengine\bin\release\intermidiates\vec2.obj
c:\users\junior\desktop\holding\gameengine\bin\release\intermidiates\mat4.obj
c:\users\junior\desktop\holding\gameengine\bin\release\intermidiates\window.obj
c:\users\junior\desktop\holding\gameengine\bin\release\intermidiates\texture.obj
c:\users\junior\desktop\holding\gameengine\bin\release\intermidiates\static_sprite.obj
c:\users\junior\desktop\holding\gameengine\bin\release\intermidiates\sprite.obj
c:\users\junior\desktop\holding\gameengine\bin\release\intermidiates\simple2drenderer.obj
c:\users\junior\desktop\holding\gameengine\bin\release\intermidiates\shader.obj
c:\users\junior\desktop\holding\gameengine\bin\release\intermidiates\tilelayer.obj
c:\users\junior\desktop\holding\gameengine\bin\release\intermidiates\layer.obj
c:\users\junior\desktop\holding\gameengine\bin\release\intermidiates\group.obj
c:\users\junior\desktop\holding\gameengine\bin\release\intermidiates\label.obj
c:\users\junior\desktop\holding\gameengine\bin\release\intermidiates\font_manager.obj
c:\users\junior\desktop\holding\gameengine\bin\release\intermidiates\font.obj
c:\users\junior\desktop\holding\gameengine\bin\release\intermidiates\vertexarray.obj
c:\users\junior\desktop\holding\gameengine\bin\release\intermidiates\indexbuffer.obj
c:\users\junior\desktop\holding\gameengine\bin\release\intermidiates\buffer.obj
c:\users\junior\desktop\holding\gameengine\bin\release\intermidiates\batchrenderer2d.obj
c:\users\junior\desktop\holding\gameengine\bin\release\intermidiates\main.obj
c:\users\junior\desktop\holding\gameengine\bin\release\intermidiates\audio.obj
c:\users\junior\desktop\holding\gameengine\bin\release\intermidiates\vec4.obj
c:\users\rober\onedrive\desktop\gm\gameengine\bin\release\game-engine.lib
c:\users\rober\onedrive\desktop\gm\gameengine\bin\release\game-engine.exp
c:\users\rober\onedrive\desktop\gm\gameengine\bin\release\game-engine.ipdb
c:\users\rober\onedrive\desktop\gm\gameengine\bin\release\game-engine.iobj
c:\users\junior\desktop\holding\gameengine\bin\release\game-engine.lib
c:\users\junior\desktop\holding\gameengine\bin\release\game-engine.exp
c:\users\junior\desktop\holding\gameengine\bin\release\game-engine.ipdb
c:\users\junior\desktop\holding\gameengine\bin\release\game-engine.iobj
c:\users\junior\desktop\holding\gameengine\bin\release\game-engine.exe
c:\users\junior\desktop\holding\gameengine\bin\release\intermidiates\game-engine.ipdb
c:\users\junior\desktop\holding\gameengine\bin\release\game-engine.pdb
c:\users\junior\desktop\holding\gameengine\bin\release\intermidiates\game-engine.iobj
c:\users\junior\desktop\holding\gameengine\bin\release\intermidiates\game-engine.vcxproj.filelistabsolute.txt
c:\users\junior\desktop\holding\gameengine\bin\release\intermidiates\game-engine.tlog\cl.command.1.tlog
c:\users\junior\desktop\holding\gameengine\bin\release\intermidiates\game-engine.tlog\cl.read.1.tlog
c:\users\junior\desktop\holding\gameengine\bin\release\intermidiates\game-engine.tlog\cl.write.1.tlog
c:\users\junior\desktop\holding\gameengine\bin\release\intermidiates\game-engine.tlog\game-engine.write.1u.tlog
c:\users\junior\desktop\holding\gameengine\bin\release\intermidiates\game-engine.tlog\link.command.1.tlog
c:\users\junior\desktop\holding\gameengine\bin\release\intermidiates\game-engine.tlog\link.delete.1.tlog
c:\users\junior\desktop\holding\gameengine\bin\release\intermidiates\game-engine.tlog\link.read.1.tlog
c:\users\junior\desktop\holding\gameengine\bin\release\intermidiates\game-engine.tlog\link.write.1.tlog
