C:\Program Files (x86)\Microsoft Visual Studio\2019\Community\MSBuild\Microsoft\VC\v160\Microsoft.CppBuild.targets(452,5): warning MSB8004: Intermediate Directory does not end with a trailing slash.  This build instance will add the slash as it is required to allow proper evaluation of the Intermediate Directory.
  main.cpp
C:\Users\t430\source\repos\Game-Engine\Game-Engine\src\maths\maths_func.h(9,18): warning C4244: 'return': conversion from 'double' to 'float', possible loss of data
C:\Program Files (x86)\Windows Kits\10\Include\10.0.18362.0\shared\minwindef.h(130,1): warning C4005: 'APIENTRY': macro redefinition
C:\Users\t430\source\repos\Game-Engine\Dependinces\GLFW\include\GLFW\glfw3.h(123): message : see previous definition of 'APIENTRY'
  BatchRenderer2D.cpp
C:\Users\t430\source\repos\Game-Engine\Game-Engine\src\maths\maths_func.h(9,18): warning C4244: 'return': conversion from 'double' to 'float', possible loss of data
C:\Users\t430\source\repos\Game-Engine\Game-Engine\src\graphics\BatchRenderer2D.cpp(57,9): warning C4244: 'initializing': conversion from 'float' to 'int', possible loss of data
C:\Users\t430\source\repos\Game-Engine\Game-Engine\src\graphics\BatchRenderer2D.cpp(58,9): warning C4244: 'initializing': conversion from 'float' to 'int', possible loss of data
C:\Users\t430\source\repos\Game-Engine\Game-Engine\src\graphics\BatchRenderer2D.cpp(59,9): warning C4244: 'initializing': conversion from 'float' to 'int', possible loss of data
C:\Users\t430\source\repos\Game-Engine\Game-Engine\src\graphics\BatchRenderer2D.cpp(60,9): warning C4244: 'initializing': conversion from 'float' to 'int', possible loss of data
  buffer.cpp
  indexbuffer.cpp
  vertexarray.cpp
C:\Users\t430\source\repos\Game-Engine\Game-Engine\src\graphics\buffers\vertexarray.cpp(10,21): warning C4018: '<': signed/unsigned mismatch
  layer.cpp
C:\Users\t430\source\repos\Game-Engine\Game-Engine\src\maths\maths_func.h(9,18): warning C4244: 'return': conversion from 'double' to 'float', possible loss of data
C:\Users\t430\source\repos\Game-Engine\Game-Engine\src\graphics\layers\layer.cpp(17,21): warning C4018: '<': signed/unsigned mismatch
  tilelayer.cpp
C:\Users\t430\source\repos\Game-Engine\Game-Engine\src\maths\maths_func.h(9,18): warning C4244: 'return': conversion from 'double' to 'float', possible loss of data
  shader.cpp
C:\Users\t430\source\repos\Game-Engine\Game-Engine\src\maths\maths_func.h(9,18): warning C4244: 'return': conversion from 'double' to 'float', possible loss of data
  simple2drenderer.cpp
C:\Users\t430\source\repos\Game-Engine\Game-Engine\src\maths\maths_func.h(9,18): warning C4244: 'return': conversion from 'double' to 'float', possible loss of data
  sprite.cpp
C:\Users\t430\source\repos\Game-Engine\Game-Engine\src\maths\maths_func.h(9,18): warning C4244: 'return': conversion from 'double' to 'float', possible loss of data
  static_sprite.cpp
C:\Users\t430\source\repos\Game-Engine\Game-Engine\src\maths\maths_func.h(9,18): warning C4244: 'return': conversion from 'double' to 'float', possible loss of data
  window.cpp
C:\Users\t430\source\repos\Game-Engine\Game-Engine\src\graphics\window.cpp(51,20): warning C4244: 'argument': conversion from 'double' to 'int', possible loss of data
  mat4.cpp
C:\Users\t430\source\repos\Game-Engine\Game-Engine\src\maths\maths_func.h(9,18): warning C4244: 'return': conversion from 'double' to 'float', possible loss of data
  vec2.cpp
  vec3.cpp
  vec4.cpp
LINK : warning LNK4098: defaultlib 'LIBCMT' conflicts with use of other libs; use /NODEFAULTLIB:library
  Generating code
  Previous IPDB not found, fall back to full compilation.
  All 229 functions were compiled because no usable IPDB/IOBJ from previous compilation was found.
  Finished generating code
glew32s.lib(glew.obj) : warning LNK4099: PDB 'vc120.pdb' was not found with 'glew32s.lib(glew.obj)' or at 'C:\Users\t430\source\repos\Game-Engine\bin\Release\vc120.pdb'; linking object as if no debug info
  Game-Engine.vcxproj -> C:\Users\t430\source\repos\Game-Engine\bin\Release\Game-Engine.exe
