C:\Program Files\Microsoft Visual Studio\2022\Preview\MSBuild\Microsoft\VC\v170\Microsoft.CppBuild.targets(498,5): warning MSB8004: Intermediate Directory does not end with a trailing slash.  This build instance will add the slash as it is required to allow proper evaluation of the Intermediate Directory.
  platform.c
  texture-atlas.c
C:\Users\Junior\Desktop\Holding\GameEngine\Game-Engine\ext\freetype-gl\texture-atlas.c(133,40): warning C4090: '=': different 'const' qualifiers
C:\Users\Junior\Desktop\Holding\GameEngine\Game-Engine\ext\freetype-gl\texture-atlas.c(237,23): warning C4018: '<': signed/unsigned mismatch
C:\Users\Junior\Desktop\Holding\GameEngine\Game-Engine\ext\freetype-gl\texture-atlas.c(334,22): warning C4013: 'glGenTextures' undefined; assuming extern returning int
C:\Users\Junior\Desktop\Holding\GameEngine\Game-Engine\ext\freetype-gl\texture-atlas.c(337,18): warning C4013: 'glBindTexture' undefined; assuming extern returning int
C:\Users\Junior\Desktop\Holding\GameEngine\Game-Engine\ext\freetype-gl\texture-atlas.c(337,33): error C2065: 'GL_TEXTURE_2D': undeclared identifier
C:\Users\Junior\Desktop\Holding\GameEngine\Game-Engine\ext\freetype-gl\texture-atlas.c(338,20): warning C4013: 'glTexParameteri' undefined; assuming extern returning int
C:\Users\Junior\Desktop\Holding\GameEngine\Game-Engine\ext\freetype-gl\texture-atlas.c(338,35): error C2065: 'GL_TEXTURE_2D': undeclared identifier
C:\Users\Junior\Desktop\Holding\GameEngine\Game-Engine\ext\freetype-gl\texture-atlas.c(338,54): error C2065: 'GL_TEXTURE_WRAP_S': undeclared identifier
C:\Users\Junior\Desktop\Holding\GameEngine\Game-Engine\ext\freetype-gl\texture-atlas.c(338,73): error C2065: 'GL_CLAMP_TO_EDGE': undeclared identifier
C:\Users\Junior\Desktop\Holding\GameEngine\Game-Engine\ext\freetype-gl\texture-atlas.c(339,35): error C2065: 'GL_TEXTURE_2D': undeclared identifier
C:\Users\Junior\Desktop\Holding\GameEngine\Game-Engine\ext\freetype-gl\texture-atlas.c(339,54): error C2065: 'GL_TEXTURE_WRAP_T': undeclared identifier
C:\Users\Junior\Desktop\Holding\GameEngine\Game-Engine\ext\freetype-gl\texture-atlas.c(339,73): error C2065: 'GL_CLAMP_TO_EDGE': undeclared identifier
C:\Users\Junior\Desktop\Holding\GameEngine\Game-Engine\ext\freetype-gl\texture-atlas.c(340,35): error C2065: 'GL_TEXTURE_2D': undeclared identifier
C:\Users\Junior\Desktop\Holding\GameEngine\Game-Engine\ext\freetype-gl\texture-atlas.c(340,58): error C2065: 'GL_TEXTURE_MAG_FILTER': undeclared identifier
C:\Users\Junior\Desktop\Holding\GameEngine\Game-Engine\ext\freetype-gl\texture-atlas.c(340,70): error C2065: 'GL_LINEAR': undeclared identifier
C:\Users\Junior\Desktop\Holding\GameEngine\Game-Engine\ext\freetype-gl\texture-atlas.c(341,35): error C2065: 'GL_TEXTURE_2D': undeclared identifier
C:\Users\Junior\Desktop\Holding\GameEngine\Game-Engine\ext\freetype-gl\texture-atlas.c(341,58): error C2065: 'GL_TEXTURE_MIN_FILTER': undeclared identifier
C:\Users\Junior\Desktop\Holding\GameEngine\Game-Engine\ext\freetype-gl\texture-atlas.c(341,70): error C2065: 'GL_LINEAR': undeclared identifier
C:\Users\Junior\Desktop\Holding\GameEngine\Game-Engine\ext\freetype-gl\texture-atlas.c(348,21): warning C4013: 'glTexImage2D' undefined; assuming extern returning int
C:\Users\Junior\Desktop\Holding\GameEngine\Game-Engine\ext\freetype-gl\texture-atlas.c(348,36): error C2065: 'GL_TEXTURE_2D': undeclared identifier
C:\Users\Junior\Desktop\Holding\GameEngine\Game-Engine\ext\freetype-gl\texture-atlas.c(348,48): error C2065: 'GL_RGBA': undeclared identifier
C:\Users\Junior\Desktop\Holding\GameEngine\Game-Engine\ext\freetype-gl\texture-atlas.c(349,33): error C2065: 'GL_RGBA': undeclared identifier
C:\Users\Junior\Desktop\Holding\GameEngine\Game-Engine\ext\freetype-gl\texture-atlas.c(349,51): error C2065: 'GL_UNSIGNED_BYTE': undeclared identifier
C:\Users\Junior\Desktop\Holding\GameEngine\Game-Engine\ext\freetype-gl\texture-atlas.c(354,36): error C2065: 'GL_TEXTURE_2D': undeclared identifier
C:\Users\Junior\Desktop\Holding\GameEngine\Game-Engine\ext\freetype-gl\texture-atlas.c(354,47): error C2065: 'GL_RGB': undeclared identifier
C:\Users\Junior\Desktop\Holding\GameEngine\Game-Engine\ext\freetype-gl\texture-atlas.c(355,32): error C2065: 'GL_RGB': undeclared identifier
C:\Users\Junior\Desktop\Holding\GameEngine\Game-Engine\ext\freetype-gl\texture-atlas.c(355,50): error C2065: 'GL_UNSIGNED_BYTE': undeclared identifier
C:\Users\Junior\Desktop\Holding\GameEngine\Game-Engine\ext\freetype-gl\texture-atlas.c(359,29): error C2065: 'GL_TEXTURE_2D': undeclared identifier
C:\Users\Junior\Desktop\Holding\GameEngine\Game-Engine\ext\freetype-gl\texture-atlas.c(359,52): error C2065: 'GL_LUMINANCE_ALPHA': undeclared identifier
C:\Users\Junior\Desktop\Holding\GameEngine\Game-Engine\ext\freetype-gl\texture-atlas.c(360,25): error C2065: 'GL_LUMINANCE_ALPHA': undeclared identifier
C:\Users\Junior\Desktop\Holding\GameEngine\Game-Engine\ext\freetype-gl\texture-atlas.c(360,43): error C2065: 'GL_UNSIGNED_BYTE': undeclared identifier
C:\Users\Junior\Desktop\Holding\GameEngine\Game-Engine\ext\freetype-gl\texture-atlas.c(364,36): error C2065: 'GL_TEXTURE_2D': undeclared identifier
C:\Users\Junior\Desktop\Holding\GameEngine\Game-Engine\ext\freetype-gl\texture-atlas.c(364,47): error C2065: 'GL_RED': undeclared identifier
C:\Users\Junior\Desktop\Holding\GameEngine\Game-Engine\ext\freetype-gl\texture-atlas.c(365,13): error C2065: 'GL_RED': undeclared identifier
C:\Users\Junior\Desktop\Holding\GameEngine\Game-Engine\ext\freetype-gl\texture-atlas.c(365,31): error C2065: 'GL_UNSIGNED_BYTE': undeclared identifier
  texture-font.c
  vector.c
  autofit.c
  ftbase.c
  ftbbox.c
  ftbitmap.c
  ftdebug.c
  ftfstype.c
  ftgasp.c
  ftglyph.c
  ftgxval.c
  ftinit.c
  ftlcdfil.c
  ftmm.c
  ftotval.c
  ftpatent.c
  ftpfr.c
  ftstroke.c
  Generating Code...
  Compiling...
  ftsynth.c
  ftsystem.c
  fttype1.c
  ftwinfnt.c
  ftxf86.c
  bdf.c
  ftcache.c
  cff.c
  type1cid.c
  ftgzip.c
  ftlzw.c
  pcf.c
  pfr.c
  psaux.c
  pshinter.c
  psmodule.c
  raster.c
  sfnt.c
  smooth.c
  truetype.c
  Generating Code...
  Compiling...
  type1.c
  type42.c
  winfnt.c
  Generating Code...
