c:\users\junior\desktop\holding\gameengine\bin\debug\intermidiates\vc142.pdb
c:\users\junior\desktop\holding\gameengine\bin\debug\intermidiates\vc142.idb
c:\users\junior\desktop\holding\gameengine\bin\debug\intermidiates\ftstroke.obj
c:\users\junior\desktop\holding\gameengine\bin\debug\intermidiates\ftpfr.obj
c:\users\junior\desktop\holding\gameengine\bin\debug\intermidiates\ftpatent.obj
c:\users\junior\desktop\holding\gameengine\bin\debug\intermidiates\ftotval.obj
c:\users\junior\desktop\holding\gameengine\bin\debug\intermidiates\ftmm.obj
c:\users\junior\desktop\holding\gameengine\bin\debug\intermidiates\ftlcdfil.obj
c:\users\junior\desktop\holding\gameengine\bin\debug\intermidiates\ftinit.obj
c:\users\junior\desktop\holding\gameengine\bin\debug\intermidiates\ftgxval.obj
c:\users\junior\desktop\holding\gameengine\bin\debug\intermidiates\ftglyph.obj
c:\users\junior\desktop\holding\gameengine\bin\debug\intermidiates\ftgasp.obj
c:\users\junior\desktop\holding\gameengine\bin\debug\intermidiates\ftfstype.obj
c:\users\junior\desktop\holding\gameengine\bin\debug\intermidiates\ftdebug.obj
c:\users\junior\desktop\holding\gameengine\bin\debug\intermidiates\ftbitmap.obj
c:\users\junior\desktop\holding\gameengine\bin\debug\intermidiates\ftbbox.obj
c:\users\junior\desktop\holding\gameengine\bin\debug\intermidiates\ftbase.obj
c:\users\junior\desktop\holding\gameengine\bin\debug\intermidiates\autofit.obj
c:\users\junior\desktop\holding\gameengine\bin\debug\intermidiates\vector.obj
c:\users\junior\desktop\holding\gameengine\bin\debug\intermidiates\texture-font.obj
c:\users\junior\desktop\holding\gameengine\bin\debug\intermidiates\texture-atlas.obj
c:\users\junior\desktop\holding\gameengine\bin\debug\intermidiates\platform.obj
c:\users\junior\desktop\holding\gameengine\bin\debug\intermidiates\truetype.obj
c:\users\junior\desktop\holding\gameengine\bin\debug\intermidiates\smooth.obj
c:\users\junior\desktop\holding\gameengine\bin\debug\intermidiates\sfnt.obj
c:\users\junior\desktop\holding\gameengine\bin\debug\intermidiates\raster.obj
c:\users\junior\desktop\holding\gameengine\bin\debug\intermidiates\psmodule.obj
c:\users\junior\desktop\holding\gameengine\bin\debug\intermidiates\pshinter.obj
c:\users\junior\desktop\holding\gameengine\bin\debug\intermidiates\psaux.obj
c:\users\junior\desktop\holding\gameengine\bin\debug\intermidiates\pfr.obj
c:\users\junior\desktop\holding\gameengine\bin\debug\intermidiates\pcf.obj
c:\users\junior\desktop\holding\gameengine\bin\debug\intermidiates\ftlzw.obj
c:\users\junior\desktop\holding\gameengine\bin\debug\intermidiates\ftgzip.obj
c:\users\junior\desktop\holding\gameengine\bin\debug\intermidiates\type1cid.obj
c:\users\junior\desktop\holding\gameengine\bin\debug\intermidiates\cff.obj
c:\users\junior\desktop\holding\gameengine\bin\debug\intermidiates\ftcache.obj
c:\users\junior\desktop\holding\gameengine\bin\debug\intermidiates\bdf.obj
c:\users\junior\desktop\holding\gameengine\bin\debug\intermidiates\ftxf86.obj
c:\users\junior\desktop\holding\gameengine\bin\debug\intermidiates\ftwinfnt.obj
c:\users\junior\desktop\holding\gameengine\bin\debug\intermidiates\fttype1.obj
c:\users\junior\desktop\holding\gameengine\bin\debug\intermidiates\ftsystem.obj
c:\users\junior\desktop\holding\gameengine\bin\debug\intermidiates\ftsynth.obj
c:\users\junior\desktop\holding\gameengine\bin\debug\intermidiates\winfnt.obj
c:\users\junior\desktop\holding\gameengine\bin\debug\intermidiates\type42.obj
c:\users\junior\desktop\holding\gameengine\bin\debug\intermidiates\type1.obj
c:\users\junior\desktop\holding\gameengine\bin\debug\intermidiates\vec3.obj
c:\users\junior\desktop\holding\gameengine\bin\debug\intermidiates\vec2.obj
c:\users\junior\desktop\holding\gameengine\bin\debug\intermidiates\mat4.obj
c:\users\junior\desktop\holding\gameengine\bin\debug\intermidiates\window.obj
c:\users\junior\desktop\holding\gameengine\bin\debug\intermidiates\texture.obj
c:\users\junior\desktop\holding\gameengine\bin\debug\intermidiates\static_sprite.obj
c:\users\junior\desktop\holding\gameengine\bin\debug\intermidiates\sprite.obj
c:\users\junior\desktop\holding\gameengine\bin\debug\intermidiates\simple2drenderer.obj
c:\users\junior\desktop\holding\gameengine\bin\debug\intermidiates\shader.obj
c:\users\junior\desktop\holding\gameengine\bin\debug\intermidiates\tilelayer.obj
c:\users\junior\desktop\holding\gameengine\bin\debug\intermidiates\layer.obj
c:\users\junior\desktop\holding\gameengine\bin\debug\intermidiates\group.obj
c:\users\junior\desktop\holding\gameengine\bin\debug\intermidiates\label.obj
c:\users\junior\desktop\holding\gameengine\bin\debug\intermidiates\font_manager.obj
c:\users\junior\desktop\holding\gameengine\bin\debug\intermidiates\font.obj
c:\users\junior\desktop\holding\gameengine\bin\debug\intermidiates\vertexarray.obj
c:\users\junior\desktop\holding\gameengine\bin\debug\intermidiates\indexbuffer.obj
c:\users\junior\desktop\holding\gameengine\bin\debug\intermidiates\buffer.obj
c:\users\junior\desktop\holding\gameengine\bin\debug\intermidiates\batchrenderer2d.obj
c:\users\junior\desktop\holding\gameengine\bin\debug\intermidiates\main.obj
c:\users\junior\desktop\holding\gameengine\bin\debug\intermidiates\audio.obj
c:\users\junior\desktop\holding\gameengine\bin\debug\intermidiates\vec4.obj
c:\users\junior\desktop\holding\gameengine\bin\debug\intermidiates\game-engine.vcxproj.filelistabsolute.txt
c:\users\junior\desktop\holding\gameengine\bin\debug\intermidiates\game-engine.tlog\cl.command.1.tlog
c:\users\junior\desktop\holding\gameengine\bin\debug\intermidiates\game-engine.tlog\cl.read.1.tlog
c:\users\junior\desktop\holding\gameengine\bin\debug\intermidiates\game-engine.tlog\cl.write.1.tlog
c:\users\junior\desktop\holding\gameengine\bin\debug\intermidiates\game-engine.tlog\link.command.1.tlog
c:\users\junior\desktop\holding\gameengine\bin\debug\intermidiates\game-engine.tlog\link.read.1.tlog
c:\users\junior\desktop\holding\gameengine\bin\debug\intermidiates\game-engine.tlog\link.write.1.tlog
